{"D:\\Programacion\\test-challange\\src\\api\\getAccount.ts": {"path":"D:\\Programacion\\test-challange\\src\\api\\getAccount.ts","statementMap":{"0":{"start":{"line":3,"column":26},"end":{"line":5,"column":1}},"1":{"start":{"line":4,"column":1},"end":{"line":4,"column":70}}},"fnMap":{"0":{"name":"(anonymous_0)","decl":{"start":{"line":3,"column":26},"end":{"line":3,"column":27}},"loc":{"start":{"line":3,"column":53},"end":{"line":5,"column":1}},"line":3}},"branchMap":{},"s":{"0":1,"1":4},"f":{"0":4},"b":{},"_coverageSchema":"1a1c01bbd47fc00a2c39e90264f33305004495a9","hash":"1780820eb0e0d7b7a17a953cc264a364aa6bb1ae"}
,"D:\\Programacion\\test-challange\\src\\context\\Context.ts": {"path":"D:\\Programacion\\test-challange\\src\\context\\Context.ts","statementMap":{"0":{"start":{"line":10,"column":30},"end":{"line":10,"column":62}}},"fnMap":{},"branchMap":{},"s":{"0":3},"f":{},"b":{},"_coverageSchema":"1a1c01bbd47fc00a2c39e90264f33305004495a9","hash":"459e00f55b72deb26158552cad46d82c641df586"}
,"D:\\Programacion\\test-challange\\src\\hooks\\useTransformTypeLetter.ts": {"path":"D:\\Programacion\\test-challange\\src\\hooks\\useTransformTypeLetter.ts","statementMap":{"0":{"start":{"line":1,"column":38},"end":{"line":13,"column":1}},"1":{"start":{"line":2,"column":25},"end":{"line":2,"column":55}},"2":{"start":{"line":3,"column":1},"end":{"line":12,"column":2}},"3":{"start":{"line":5,"column":3},"end":{"line":5,"column":29}},"4":{"start":{"line":7,"column":3},"end":{"line":7,"column":27}},"5":{"start":{"line":9,"column":3},"end":{"line":9,"column":38}},"6":{"start":{"line":11,"column":3},"end":{"line":11,"column":61}}},"fnMap":{"0":{"name":"(anonymous_0)","decl":{"start":{"line":1,"column":38},"end":{"line":1,"column":39}},"loc":{"start":{"line":1,"column":70},"end":{"line":13,"column":1}},"line":1}},"branchMap":{"0":{"loc":{"start":{"line":2,"column":25},"end":{"line":2,"column":55}},"type":"binary-expr","locations":[{"start":{"line":2,"column":25},"end":{"line":2,"column":31}},{"start":{"line":2,"column":35},"end":{"line":2,"column":55}}],"line":2},"1":{"loc":{"start":{"line":3,"column":1},"end":{"line":12,"column":2}},"type":"switch","locations":[{"start":{"line":4,"column":2},"end":{"line":5,"column":29}},{"start":{"line":6,"column":2},"end":{"line":7,"column":27}},{"start":{"line":8,"column":2},"end":{"line":9,"column":38}},{"start":{"line":10,"column":2},"end":{"line":11,"column":61}}],"line":3},"2":{"loc":{"start":{"line":11,"column":10},"end":{"line":11,"column":60}},"type":"binary-expr","locations":[{"start":{"line":11,"column":10},"end":{"line":11,"column":25}},{"start":{"line":11,"column":29},"end":{"line":11,"column":60}}],"line":11}},"s":{"0":4,"1":13,"2":13,"3":9,"4":1,"5":1,"6":2},"f":{"0":13},"b":{"0":[13,12],"1":[9,1,1,2],"2":[2,1]},"_coverageSchema":"1a1c01bbd47fc00a2c39e90264f33305004495a9","hash":"9b6d765401d9745f049fcfdb673b0bb371959a3c"}
,"D:\\Programacion\\test-challange\\src\\page\\AccountProfile\\AccountProfie.tsx": {"path":"D:\\Programacion\\test-challange\\src\\page\\AccountProfile\\AccountProfie.tsx","statementMap":{"0":{"start":{"line":8,"column":27},"end":{"line":8,"column":38}},"1":{"start":{"line":10,"column":22},"end":{"line":10,"column":48}},"2":{"start":{"line":13,"column":31},"end":{"line":19,"column":3}},"3":{"start":{"line":14,"column":18},"end":{"line":14,"column":39}},"4":{"start":{"line":15,"column":2},"end":{"line":17,"column":3}},"5":{"start":{"line":16,"column":3},"end":{"line":16,"column":23}},"6":{"start":{"line":18,"column":2},"end":{"line":18,"column":17}},"7":{"start":{"line":22,"column":46},"end":{"line":22,"column":114}},"8":{"start":{"line":22,"column":86},"end":{"line":22,"column":113}},"9":{"start":{"line":24,"column":1},"end":{"line":26,"column":2}},"10":{"start":{"line":25,"column":2},"end":{"line":25,"column":32}},"11":{"start":{"line":28,"column":1},"end":{"line":38,"column":3}}},"fnMap":{"0":{"name":"AccountProfile","decl":{"start":{"line":7,"column":24},"end":{"line":7,"column":38}},"loc":{"start":{"line":7,"column":41},"end":{"line":39,"column":1}},"line":7},"1":{"name":"(anonymous_1)","decl":{"start":{"line":13,"column":47},"end":{"line":13,"column":48}},"loc":{"start":{"line":13,"column":60},"end":{"line":19,"column":2}},"line":13},"2":{"name":"(anonymous_2)","decl":{"start":{"line":22,"column":73},"end":{"line":22,"column":74}},"loc":{"start":{"line":22,"column":86},"end":{"line":22,"column":113}},"line":22}},"branchMap":{"0":{"loc":{"start":{"line":15,"column":2},"end":{"line":17,"column":3}},"type":"if","locations":[{"start":{"line":15,"column":2},"end":{"line":17,"column":3}},{"start":{},"end":{}}],"line":15},"1":{"loc":{"start":{"line":24,"column":1},"end":{"line":26,"column":2}},"type":"if","locations":[{"start":{"line":24,"column":1},"end":{"line":26,"column":2}},{"start":{},"end":{}}],"line":24}},"s":{"0":2,"1":2,"2":2,"3":2,"4":2,"5":0,"6":2,"7":2,"8":2,"9":2,"10":1,"11":1},"f":{"0":2,"1":2,"2":2},"b":{"0":[0,2],"1":[1,1]},"_coverageSchema":"1a1c01bbd47fc00a2c39e90264f33305004495a9","hash":"236533d12da88dc1b0cfa5f439bb68e8644f23c9"}
,"D:\\Programacion\\test-challange\\src\\page\\Home\\AccountHome.tsx": {"path":"D:\\Programacion\\test-challange\\src\\page\\Home\\AccountHome.tsx","statementMap":{"0":{"start":{"line":8,"column":76},"end":{"line":8,"column":102}},"1":{"start":{"line":10,"column":21},"end":{"line":22,"column":2}},"2":{"start":{"line":11,"column":19},"end":{"line":11,"column":47}},"3":{"start":{"line":12,"column":2},"end":{"line":20,"column":3}},"4":{"start":{"line":13,"column":3},"end":{"line":13,"column":17}},"5":{"start":{"line":15,"column":35},"end":{"line":17,"column":4}},"6":{"start":{"line":16,"column":30},"end":{"line":16,"column":99}},"7":{"start":{"line":16,"column":62},"end":{"line":16,"column":98}},"8":{"start":{"line":18,"column":3},"end":{"line":18,"column":40}},"9":{"start":{"line":19,"column":3},"end":{"line":19,"column":15}},"10":{"start":{"line":24,"column":18},"end":{"line":26,"column":2}},"11":{"start":{"line":25,"column":2},"end":{"line":25,"column":113}},"12":{"start":{"line":25,"column":36},"end":{"line":25,"column":111}},"13":{"start":{"line":28,"column":18},"end":{"line":30,"column":2}},"14":{"start":{"line":29,"column":2},"end":{"line":29,"column":82}},"15":{"start":{"line":29,"column":36},"end":{"line":29,"column":80}},"16":{"start":{"line":32,"column":1},"end":{"line":34,"column":8}},"17":{"start":{"line":33,"column":2},"end":{"line":33,"column":16}},"18":{"start":{"line":36,"column":1},"end":{"line":71,"column":3}}},"fnMap":{"0":{"name":"AccountHome","decl":{"start":{"line":7,"column":24},"end":{"line":7,"column":35}},"loc":{"start":{"line":7,"column":38},"end":{"line":72,"column":1}},"line":7},"1":{"name":"(anonymous_1)","decl":{"start":{"line":10,"column":21},"end":{"line":10,"column":22}},"loc":{"start":{"line":10,"column":33},"end":{"line":22,"column":2}},"line":10},"2":{"name":"(anonymous_2)","decl":{"start":{"line":16,"column":4},"end":{"line":16,"column":5}},"loc":{"start":{"line":16,"column":30},"end":{"line":16,"column":99}},"line":16},"3":{"name":"(anonymous_3)","decl":{"start":{"line":16,"column":55},"end":{"line":16,"column":56}},"loc":{"start":{"line":16,"column":62},"end":{"line":16,"column":98}},"line":16},"4":{"name":"(anonymous_4)","decl":{"start":{"line":24,"column":18},"end":{"line":24,"column":19}},"loc":{"start":{"line":24,"column":24},"end":{"line":26,"column":2}},"line":24},"5":{"name":"(anonymous_5)","decl":{"start":{"line":25,"column":16},"end":{"line":25,"column":17}},"loc":{"start":{"line":25,"column":36},"end":{"line":25,"column":111}},"line":25},"6":{"name":"(anonymous_6)","decl":{"start":{"line":28,"column":18},"end":{"line":28,"column":19}},"loc":{"start":{"line":28,"column":24},"end":{"line":30,"column":2}},"line":28},"7":{"name":"(anonymous_7)","decl":{"start":{"line":29,"column":16},"end":{"line":29,"column":17}},"loc":{"start":{"line":29,"column":36},"end":{"line":29,"column":80}},"line":29},"8":{"name":"(anonymous_8)","decl":{"start":{"line":32,"column":11},"end":{"line":32,"column":12}},"loc":{"start":{"line":32,"column":17},"end":{"line":34,"column":2}},"line":32}},"branchMap":{"0":{"loc":{"start":{"line":12,"column":2},"end":{"line":20,"column":3}},"type":"if","locations":[{"start":{"line":12,"column":2},"end":{"line":20,"column":3}},{"start":{"line":14,"column":9},"end":{"line":20,"column":3}}],"line":12},"1":{"loc":{"start":{"line":16,"column":62},"end":{"line":16,"column":98}},"type":"binary-expr","locations":[{"start":{"line":16,"column":62},"end":{"line":16,"column":78}},{"start":{"line":16,"column":82},"end":{"line":16,"column":98}}],"line":16},"2":{"loc":{"start":{"line":38,"column":4},"end":{"line":69,"column":4}},"type":"cond-expr","locations":[{"start":{"line":39,"column":4},"end":{"line":41,"column":10}},{"start":{"line":43,"column":4},"end":{"line":68,"column":10}}],"line":38},"3":{"loc":{"start":{"line":51,"column":7},"end":{"line":51,"column":51}},"type":"cond-expr","locations":[{"start":{"line":51,"column":26},"end":{"line":51,"column":34}},{"start":{"line":51,"column":37},"end":{"line":51,"column":51}}],"line":51},"4":{"loc":{"start":{"line":63,"column":7},"end":{"line":63,"column":81}},"type":"cond-expr","locations":[{"start":{"line":63,"column":56},"end":{"line":63,"column":64}},{"start":{"line":63,"column":67},"end":{"line":63,"column":81}}],"line":63}},"s":{"0":4,"1":4,"2":4,"3":0,"4":0,"5":0,"6":0,"7":0,"8":0,"9":0,"10":4,"11":0,"12":0,"13":4,"14":0,"15":0,"16":4,"17":4,"18":4},"f":{"0":4,"1":4,"2":0,"3":0,"4":0,"5":0,"6":0,"7":0,"8":4},"b":{"0":[0,0],"1":[0,0],"2":[1,3],"3":[3,0],"4":[0,3]},"_coverageSchema":"1a1c01bbd47fc00a2c39e90264f33305004495a9","hash":"00133a1924664755b2f3f1df86aeb40861e30f42"}
,"D:\\Programacion\\test-challange\\src\\page\\Home\\components\\CardAccount.tsx": {"path":"D:\\Programacion\\test-challange\\src\\page\\Home\\components\\CardAccount.tsx","statementMap":{"0":{"start":{"line":7,"column":50},"end":{"line":7,"column":76}},"1":{"start":{"line":8,"column":25},"end":{"line":8,"column":80}},"2":{"start":{"line":10,"column":1},"end":{"line":23,"column":3}},"3":{"start":{"line":13,"column":4},"end":{"line":20,"column":11}}},"fnMap":{"0":{"name":"CardAccount","decl":{"start":{"line":6,"column":24},"end":{"line":6,"column":35}},"loc":{"start":{"line":6,"column":38},"end":{"line":24,"column":1}},"line":6},"1":{"name":"(anonymous_1)","decl":{"start":{"line":12,"column":24},"end":{"line":12,"column":25}},"loc":{"start":{"line":13,"column":4},"end":{"line":20,"column":11}},"line":13}},"branchMap":{},"s":{"0":4,"1":4,"2":4,"3":7},"f":{"0":4,"1":7},"b":{},"_coverageSchema":"1a1c01bbd47fc00a2c39e90264f33305004495a9","hash":"982d73d6917db7a5eb3acc793e2bcad8d6604806"}
,"D:\\Programacion\\test-challange\\src\\page\\NotFound\\NotFound.tsx": {"path":"D:\\Programacion\\test-challange\\src\\page\\NotFound\\NotFound.tsx","statementMap":{"0":{"start":{"line":3,"column":1},"end":{"line":3,"column":27}}},"fnMap":{"0":{"name":"NotFound","decl":{"start":{"line":2,"column":24},"end":{"line":2,"column":32}},"loc":{"start":{"line":2,"column":35},"end":{"line":4,"column":1}},"line":2}},"branchMap":{},"s":{"0":1},"f":{"0":1},"b":{},"_coverageSchema":"1a1c01bbd47fc00a2c39e90264f33305004495a9","hash":"9c6856575a264c5c65e5500d192e686f6b944e42"}
}
