{"D:\\Programacion\\test-challange\\src\\App.tsx": {"path":"D:\\Programacion\\test-challange\\src\\App.tsx","statementMap":{"0":{"start":{"line":8,"column":1},"end":{"line":34,"column":3}}},"fnMap":{"0":{"name":"App","decl":{"start":{"line":7,"column":9},"end":{"line":7,"column":12}},"loc":{"start":{"line":7,"column":15},"end":{"line":35,"column":1}},"line":7}},"branchMap":{},"s":{"0":1},"f":{"0":1},"b":{},"_coverageSchema":"1a1c01bbd47fc00a2c39e90264f33305004495a9","hash":"f8fe84a862b162465ed9c4c7b0c88a5e18b853f5"}
,"D:\\Programacion\\test-challange\\src\\api\\getAccount.ts": {"path":"D:\\Programacion\\test-challange\\src\\api\\getAccount.ts","statementMap":{"0":{"start":{"line":3,"column":26},"end":{"line":5,"column":1}},"1":{"start":{"line":4,"column":1},"end":{"line":4,"column":70}}},"fnMap":{"0":{"name":"(anonymous_0)","decl":{"start":{"line":3,"column":26},"end":{"line":3,"column":27}},"loc":{"start":{"line":3,"column":53},"end":{"line":5,"column":1}},"line":3}},"branchMap":{},"s":{"0":1,"1":1},"f":{"0":1},"b":{},"_coverageSchema":"1a1c01bbd47fc00a2c39e90264f33305004495a9","hash":"1780820eb0e0d7b7a17a953cc264a364aa6bb1ae"}
,"D:\\Programacion\\test-challange\\src\\context\\Context.ts": {"path":"D:\\Programacion\\test-challange\\src\\context\\Context.ts","statementMap":{"0":{"start":{"line":10,"column":30},"end":{"line":10,"column":62}}},"fnMap":{},"branchMap":{},"s":{"0":1},"f":{},"b":{},"_coverageSchema":"1a1c01bbd47fc00a2c39e90264f33305004495a9","hash":"459e00f55b72deb26158552cad46d82c641df586"}
,"D:\\Programacion\\test-challange\\src\\context\\Provider.tsx": {"path":"D:\\Programacion\\test-challange\\src\\context\\Provider.tsx","statementMap":{"0":{"start":{"line":8,"column":31},"end":{"line":18,"column":1}},"1":{"start":{"line":9,"column":33},"end":{"line":9,"column":74}},"2":{"start":{"line":10,"column":37},"end":{"line":10,"column":54}},"3":{"start":{"line":11,"column":24},"end":{"line":11,"column":25}},"4":{"start":{"line":13,"column":1},"end":{"line":17,"column":3}}},"fnMap":{"0":{"name":"(anonymous_0)","decl":{"start":{"line":8,"column":31},"end":{"line":8,"column":32}},"loc":{"start":{"line":8,"column":56},"end":{"line":18,"column":1}},"line":8}},"branchMap":{},"s":{"0":1,"1":1,"2":1,"3":1,"4":1},"f":{"0":1},"b":{},"_coverageSchema":"1a1c01bbd47fc00a2c39e90264f33305004495a9","hash":"52f337f172952e2e2c841ce311a2a316612bf5a2"}
,"D:\\Programacion\\test-challange\\src\\hooks\\useTransformTypeLetter.ts": {"path":"D:\\Programacion\\test-challange\\src\\hooks\\useTransformTypeLetter.ts","statementMap":{"0":{"start":{"line":1,"column":38},"end":{"line":13,"column":1}},"1":{"start":{"line":2,"column":25},"end":{"line":2,"column":55}},"2":{"start":{"line":3,"column":1},"end":{"line":12,"column":2}},"3":{"start":{"line":5,"column":3},"end":{"line":5,"column":29}},"4":{"start":{"line":7,"column":3},"end":{"line":7,"column":27}},"5":{"start":{"line":9,"column":3},"end":{"line":9,"column":38}},"6":{"start":{"line":11,"column":3},"end":{"line":11,"column":61}}},"fnMap":{"0":{"name":"(anonymous_0)","decl":{"start":{"line":1,"column":38},"end":{"line":1,"column":39}},"loc":{"start":{"line":1,"column":58},"end":{"line":13,"column":1}},"line":1}},"branchMap":{"0":{"loc":{"start":{"line":2,"column":25},"end":{"line":2,"column":55}},"type":"binary-expr","locations":[{"start":{"line":2,"column":25},"end":{"line":2,"column":31}},{"start":{"line":2,"column":35},"end":{"line":2,"column":55}}],"line":2},"1":{"loc":{"start":{"line":3,"column":1},"end":{"line":12,"column":2}},"type":"switch","locations":[{"start":{"line":4,"column":2},"end":{"line":5,"column":29}},{"start":{"line":6,"column":2},"end":{"line":7,"column":27}},{"start":{"line":8,"column":2},"end":{"line":9,"column":38}},{"start":{"line":10,"column":2},"end":{"line":11,"column":61}}],"line":3},"2":{"loc":{"start":{"line":11,"column":10},"end":{"line":11,"column":60}},"type":"binary-expr","locations":[{"start":{"line":11,"column":10},"end":{"line":11,"column":25}},{"start":{"line":11,"column":29},"end":{"line":11,"column":60}}],"line":11}},"s":{"0":1,"1":0,"2":0,"3":0,"4":0,"5":0,"6":0},"f":{"0":0},"b":{"0":[0,0],"1":[0,0,0,0],"2":[0,0]},"_coverageSchema":"1a1c01bbd47fc00a2c39e90264f33305004495a9","hash":"deb3a78cc005979fb3cb663fa648dc144d8e338a"}
,"D:\\Programacion\\test-challange\\src\\page\\AccountProfile\\AccountProfie.tsx": {"path":"D:\\Programacion\\test-challange\\src\\page\\AccountProfile\\AccountProfie.tsx","statementMap":{"0":{"start":{"line":8,"column":27},"end":{"line":8,"column":38}},"1":{"start":{"line":10,"column":22},"end":{"line":10,"column":48}},"2":{"start":{"line":12,"column":31},"end":{"line":18,"column":3}},"3":{"start":{"line":13,"column":18},"end":{"line":13,"column":39}},"4":{"start":{"line":14,"column":2},"end":{"line":16,"column":3}},"5":{"start":{"line":15,"column":3},"end":{"line":15,"column":23}},"6":{"start":{"line":17,"column":2},"end":{"line":17,"column":17}},"7":{"start":{"line":20,"column":46},"end":{"line":20,"column":114}},"8":{"start":{"line":20,"column":86},"end":{"line":20,"column":113}},"9":{"start":{"line":22,"column":1},"end":{"line":24,"column":2}},"10":{"start":{"line":23,"column":2},"end":{"line":23,"column":32}},"11":{"start":{"line":26,"column":1},"end":{"line":36,"column":3}}},"fnMap":{"0":{"name":"AccountProfile","decl":{"start":{"line":7,"column":24},"end":{"line":7,"column":38}},"loc":{"start":{"line":7,"column":41},"end":{"line":37,"column":1}},"line":7},"1":{"name":"(anonymous_1)","decl":{"start":{"line":12,"column":47},"end":{"line":12,"column":48}},"loc":{"start":{"line":12,"column":60},"end":{"line":18,"column":2}},"line":12},"2":{"name":"(anonymous_2)","decl":{"start":{"line":20,"column":73},"end":{"line":20,"column":74}},"loc":{"start":{"line":20,"column":86},"end":{"line":20,"column":113}},"line":20}},"branchMap":{"0":{"loc":{"start":{"line":14,"column":2},"end":{"line":16,"column":3}},"type":"if","locations":[{"start":{"line":14,"column":2},"end":{"line":16,"column":3}},{"start":{},"end":{}}],"line":14},"1":{"loc":{"start":{"line":22,"column":1},"end":{"line":24,"column":2}},"type":"if","locations":[{"start":{"line":22,"column":1},"end":{"line":24,"column":2}},{"start":{},"end":{}}],"line":22}},"s":{"0":0,"1":0,"2":0,"3":0,"4":0,"5":0,"6":0,"7":0,"8":0,"9":0,"10":0,"11":0},"f":{"0":0,"1":0,"2":0},"b":{"0":[0,0],"1":[0,0]},"_coverageSchema":"1a1c01bbd47fc00a2c39e90264f33305004495a9","hash":"edcfccaa117f75b97ef6122cceebe890fac52e6d"}
,"D:\\Programacion\\test-challange\\src\\page\\Home\\AccountHome.tsx": {"path":"D:\\Programacion\\test-challange\\src\\page\\Home\\AccountHome.tsx","statementMap":{"0":{"start":{"line":8,"column":78},"end":{"line":8,"column":104}},"1":{"start":{"line":10,"column":21},"end":{"line":19,"column":2}},"2":{"start":{"line":11,"column":19},"end":{"line":11,"column":47}},"3":{"start":{"line":14,"column":34},"end":{"line":16,"column":3}},"4":{"start":{"line":15,"column":29},"end":{"line":15,"column":98}},"5":{"start":{"line":15,"column":61},"end":{"line":15,"column":97}},"6":{"start":{"line":17,"column":2},"end":{"line":17,"column":39}},"7":{"start":{"line":18,"column":2},"end":{"line":18,"column":14}},"8":{"start":{"line":21,"column":18},"end":{"line":23,"column":2}},"9":{"start":{"line":22,"column":2},"end":{"line":22,"column":113}},"10":{"start":{"line":22,"column":36},"end":{"line":22,"column":111}},"11":{"start":{"line":25,"column":18},"end":{"line":27,"column":2}},"12":{"start":{"line":26,"column":2},"end":{"line":26,"column":82}},"13":{"start":{"line":26,"column":36},"end":{"line":26,"column":80}},"14":{"start":{"line":29,"column":1},"end":{"line":31,"column":8}},"15":{"start":{"line":30,"column":2},"end":{"line":30,"column":16}},"16":{"start":{"line":33,"column":1},"end":{"line":57,"column":3}}},"fnMap":{"0":{"name":"AccountHome","decl":{"start":{"line":7,"column":24},"end":{"line":7,"column":35}},"loc":{"start":{"line":7,"column":38},"end":{"line":58,"column":1}},"line":7},"1":{"name":"(anonymous_1)","decl":{"start":{"line":10,"column":21},"end":{"line":10,"column":22}},"loc":{"start":{"line":10,"column":33},"end":{"line":19,"column":2}},"line":10},"2":{"name":"(anonymous_2)","decl":{"start":{"line":15,"column":3},"end":{"line":15,"column":4}},"loc":{"start":{"line":15,"column":29},"end":{"line":15,"column":98}},"line":15},"3":{"name":"(anonymous_3)","decl":{"start":{"line":15,"column":54},"end":{"line":15,"column":55}},"loc":{"start":{"line":15,"column":61},"end":{"line":15,"column":97}},"line":15},"4":{"name":"(anonymous_4)","decl":{"start":{"line":21,"column":18},"end":{"line":21,"column":19}},"loc":{"start":{"line":21,"column":24},"end":{"line":23,"column":2}},"line":21},"5":{"name":"(anonymous_5)","decl":{"start":{"line":22,"column":16},"end":{"line":22,"column":17}},"loc":{"start":{"line":22,"column":36},"end":{"line":22,"column":111}},"line":22},"6":{"name":"(anonymous_6)","decl":{"start":{"line":25,"column":18},"end":{"line":25,"column":19}},"loc":{"start":{"line":25,"column":24},"end":{"line":27,"column":2}},"line":25},"7":{"name":"(anonymous_7)","decl":{"start":{"line":26,"column":16},"end":{"line":26,"column":17}},"loc":{"start":{"line":26,"column":36},"end":{"line":26,"column":80}},"line":26},"8":{"name":"(anonymous_8)","decl":{"start":{"line":29,"column":11},"end":{"line":29,"column":12}},"loc":{"start":{"line":29,"column":17},"end":{"line":31,"column":2}},"line":29}},"branchMap":{"0":{"loc":{"start":{"line":15,"column":61},"end":{"line":15,"column":97}},"type":"binary-expr","locations":[{"start":{"line":15,"column":61},"end":{"line":15,"column":77}},{"start":{"line":15,"column":81},"end":{"line":15,"column":97}}],"line":15},"1":{"loc":{"start":{"line":39,"column":5},"end":{"line":39,"column":49}},"type":"cond-expr","locations":[{"start":{"line":39,"column":24},"end":{"line":39,"column":32}},{"start":{"line":39,"column":35},"end":{"line":39,"column":49}}],"line":39},"2":{"loc":{"start":{"line":51,"column":5},"end":{"line":51,"column":79}},"type":"cond-expr","locations":[{"start":{"line":51,"column":54},"end":{"line":51,"column":62}},{"start":{"line":51,"column":65},"end":{"line":51,"column":79}}],"line":51}},"s":{"0":1,"1":1,"2":1,"3":0,"4":0,"5":0,"6":0,"7":0,"8":1,"9":0,"10":0,"11":1,"12":0,"13":0,"14":1,"15":1,"16":1},"f":{"0":1,"1":1,"2":0,"3":0,"4":0,"5":0,"6":0,"7":0,"8":1},"b":{"0":[0,0],"1":[1,0],"2":[1,0]},"_coverageSchema":"1a1c01bbd47fc00a2c39e90264f33305004495a9","hash":"460c4236edd414cb935f016d9dbfec61c2e55cd0"}
,"D:\\Programacion\\test-challange\\src\\page\\Home\\components\\CardAccount.tsx": {"path":"D:\\Programacion\\test-challange\\src\\page\\Home\\components\\CardAccount.tsx","statementMap":{"0":{"start":{"line":7,"column":50},"end":{"line":7,"column":76}},"1":{"start":{"line":8,"column":25},"end":{"line":8,"column":80}},"2":{"start":{"line":10,"column":1},"end":{"line":23,"column":3}},"3":{"start":{"line":13,"column":4},"end":{"line":20,"column":11}}},"fnMap":{"0":{"name":"CardAccount","decl":{"start":{"line":6,"column":24},"end":{"line":6,"column":35}},"loc":{"start":{"line":6,"column":38},"end":{"line":24,"column":1}},"line":6},"1":{"name":"(anonymous_1)","decl":{"start":{"line":12,"column":24},"end":{"line":12,"column":25}},"loc":{"start":{"line":13,"column":4},"end":{"line":20,"column":11}},"line":13}},"branchMap":{},"s":{"0":1,"1":1,"2":1,"3":0},"f":{"0":1,"1":0},"b":{},"_coverageSchema":"1a1c01bbd47fc00a2c39e90264f33305004495a9","hash":"982d73d6917db7a5eb3acc793e2bcad8d6604806"}
}
