TN:
SF:src\App.tsx
FN:7,App
FNF:1
FNH:1
FNDA:1,App
DA:8,1
LF:1
LH:1
BRF:0
BRH:0
end_of_record
TN:
SF:src\api\getAccount.ts
FN:3,(anonymous_0)
FNF:1
FNH:1
FNDA:1,(anonymous_0)
DA:3,1
DA:4,1
LF:2
LH:2
BRF:0
BRH:0
end_of_record
TN:
SF:src\context\Context.ts
FNF:0
FNH:0
DA:10,1
LF:1
LH:1
BRF:0
BRH:0
end_of_record
TN:
SF:src\context\Provider.tsx
FN:8,(anonymous_0)
FNF:1
FNH:1
FNDA:1,(anonymous_0)
DA:8,1
DA:9,1
DA:10,1
DA:11,1
DA:13,1
LF:5
LH:5
BRF:0
BRH:0
end_of_record
TN:
SF:src\hooks\useTransformTypeLetter.ts
FN:1,(anonymous_0)
FNF:1
FNH:0
FNDA:0,(anonymous_0)
DA:1,1
DA:2,0
DA:3,0
DA:5,0
DA:7,0
DA:9,0
DA:11,0
LF:7
LH:1
BRDA:2,0,0,0
BRDA:2,0,1,0
BRDA:3,1,0,0
BRDA:3,1,1,0
BRDA:3,1,2,0
BRDA:3,1,3,0
BRDA:11,2,0,0
BRDA:11,2,1,0
BRF:8
BRH:0
end_of_record
TN:
SF:src\page\AccountProfile\AccountProfie.tsx
FN:7,AccountProfile
FN:12,(anonymous_1)
FN:20,(anonymous_2)
FNF:3
FNH:0
FNDA:0,AccountProfile
FNDA:0,(anonymous_1)
FNDA:0,(anonymous_2)
DA:8,0
DA:10,0
DA:12,0
DA:13,0
DA:14,0
DA:15,0
DA:17,0
DA:20,0
DA:22,0
DA:23,0
DA:26,0
LF:11
LH:0
BRDA:14,0,0,0
BRDA:14,0,1,0
BRDA:22,1,0,0
BRDA:22,1,1,0
BRF:4
BRH:0
end_of_record
TN:
SF:src\page\Home\AccountHome.tsx
FN:7,AccountHome
FN:10,(anonymous_1)
FN:15,(anonymous_2)
FN:15,(anonymous_3)
FN:21,(anonymous_4)
FN:22,(anonymous_5)
FN:25,(anonymous_6)
FN:26,(anonymous_7)
FN:29,(anonymous_8)
FNF:9
FNH:3
FNDA:1,AccountHome
FNDA:1,(anonymous_1)
FNDA:0,(anonymous_2)
FNDA:0,(anonymous_3)
FNDA:0,(anonymous_4)
FNDA:0,(anonymous_5)
FNDA:0,(anonymous_6)
FNDA:0,(anonymous_7)
FNDA:1,(anonymous_8)
DA:8,1
DA:10,1
DA:11,1
DA:14,0
DA:15,0
DA:17,0
DA:18,0
DA:21,1
DA:22,0
DA:25,1
DA:26,0
DA:29,1
DA:30,1
DA:33,1
LF:14
LH:8
BRDA:15,0,0,0
BRDA:15,0,1,0
BRDA:39,1,0,1
BRDA:39,1,1,0
BRDA:51,2,0,1
BRDA:51,2,1,0
BRF:6
BRH:2
end_of_record
TN:
SF:src\page\Home\components\CardAccount.tsx
FN:6,CardAccount
FN:12,(anonymous_1)
FNF:2
FNH:1
FNDA:1,CardAccount
FNDA:0,(anonymous_1)
DA:7,1
DA:8,1
DA:10,1
DA:13,0
LF:4
LH:3
BRF:0
BRH:0
end_of_record
