TN:
SF:src\api\getAccount.ts
FN:3,(anonymous_0)
FNF:1
FNH:1
FNDA:4,(anonymous_0)
DA:3,1
DA:4,4
LF:2
LH:2
BRF:0
BRH:0
end_of_record
TN:
SF:src\context\Context.ts
FNF:0
FNH:0
DA:10,3
LF:1
LH:1
BRF:0
BRH:0
end_of_record
TN:
SF:src\hooks\useTransformTypeLetter.ts
FN:1,(anonymous_0)
FNF:1
FNH:1
FNDA:13,(anonymous_0)
DA:1,4
DA:2,13
DA:3,13
DA:5,9
DA:7,1
DA:9,1
DA:11,2
LF:7
LH:7
BRDA:2,0,0,13
BRDA:2,0,1,12
BRDA:3,1,0,9
BRDA:3,1,1,1
BRDA:3,1,2,1
BRDA:3,1,3,2
BRDA:11,2,0,2
BRDA:11,2,1,1
BRF:8
BRH:8
end_of_record
TN:
SF:src\page\AccountProfile\AccountProfie.tsx
FN:7,AccountProfile
FN:13,(anonymous_1)
FN:22,(anonymous_2)
FNF:3
FNH:3
FNDA:2,AccountProfile
FNDA:2,(anonymous_1)
FNDA:2,(anonymous_2)
DA:8,2
DA:10,2
DA:13,2
DA:14,2
DA:15,2
DA:16,0
DA:18,2
DA:22,2
DA:24,2
DA:25,1
DA:28,1
LF:11
LH:10
BRDA:15,0,0,0
BRDA:15,0,1,2
BRDA:24,1,0,1
BRDA:24,1,1,1
BRF:4
BRH:3
end_of_record
TN:
SF:src\page\Home\AccountHome.tsx
FN:7,AccountHome
FN:10,(anonymous_1)
FN:16,(anonymous_2)
FN:16,(anonymous_3)
FN:24,(anonymous_4)
FN:25,(anonymous_5)
FN:28,(anonymous_6)
FN:29,(anonymous_7)
FN:32,(anonymous_8)
FNF:9
FNH:3
FNDA:4,AccountHome
FNDA:4,(anonymous_1)
FNDA:0,(anonymous_2)
FNDA:0,(anonymous_3)
FNDA:0,(anonymous_4)
FNDA:0,(anonymous_5)
FNDA:0,(anonymous_6)
FNDA:0,(anonymous_7)
FNDA:4,(anonymous_8)
DA:8,4
DA:10,4
DA:11,4
DA:12,0
DA:13,0
DA:15,0
DA:16,0
DA:18,0
DA:19,0
DA:24,4
DA:25,0
DA:28,4
DA:29,0
DA:32,4
DA:33,4
DA:36,4
LF:16
LH:8
BRDA:12,0,0,0
BRDA:12,0,1,0
BRDA:16,1,0,0
BRDA:16,1,1,0
BRDA:38,2,0,1
BRDA:38,2,1,3
BRDA:51,3,0,3
BRDA:51,3,1,0
BRDA:63,4,0,0
BRDA:63,4,1,3
BRF:10
BRH:4
end_of_record
TN:
SF:src\page\Home\components\CardAccount.tsx
FN:6,CardAccount
FN:12,(anonymous_1)
FNF:2
FNH:2
FNDA:4,CardAccount
FNDA:7,(anonymous_1)
DA:7,4
DA:8,4
DA:10,4
DA:13,7
LF:4
LH:4
BRF:0
BRH:0
end_of_record
TN:
SF:src\page\NotFound\NotFound.tsx
FN:2,NotFound
FNF:1
FNH:1
FNDA:1,NotFound
DA:3,1
LF:1
LH:1
BRF:0
BRH:0
end_of_record
